#
# There is insufficient memory for the Java Runtime Environment to continue.
# Native memory allocation (malloc) failed to allocate 1608016 bytes for Chunk::new
# Possible reasons:
#   The system is out of physical RAM or swap space
#   The process is running with CompressedOops enabled, and the Java Heap may be blocking the growth of the native heap
# Possible solutions:
#   Reduce memory load on the system
#   Increase physical memory or swap space
#   Check if swap backing store is full
#   Decrease Java heap size (-Xmx/-Xms)
#   Decrease number of Java threads
#   Decrease Java thread stack sizes (-Xss)
#   Set larger code cache with -XX:ReservedCodeCacheSize=
#   JVM is running with Unscaled Compressed Oops mode in which the Java heap is
#     placed in the first 4GB address space. The Java Heap base address is the
#     maximum limit for the native heap growth. Please use -XX:HeapBaseMinAddress
#     to set the Java Heap base and to place the Java Heap above 4GB virtual address.
# This output file may be truncated or incomplete.
#
#  Out of Memory Error (arena.cpp:189), pid=26820, tid=7276
#
# JRE version: OpenJDK Runtime Environment Temurin-17.0.6+10 (17.0.6+10) (build 17.0.6+10)
# Java VM: OpenJDK 64-Bit Server VM Temurin-17.0.6+10 (17.0.6+10, mixed mode, tiered, compressed oops, compressed class ptrs, g1 gc, windows-amd64)
# No core dump will be written. Minidumps are not enabled by default on client versions of Windows
#

---------------  S U M M A R Y ------------

Command Line: -Dfile.encoding=UTF-8 -XX:+ShowCodeDetailsInExceptionMessages com.project.rating.RatingServiceApplication

Host: AMD Ryzen 5 PRO 3500U w/ Radeon Vega Mobile Gfx, 8 cores, 5G,  Windows 11 , 64 bit Build 22000 (10.0.22000.708)
Time: Wed May 24 07:34:44 2023 India Standard Time elapsed time: 65910.670517 seconds (0d 18h 18m 30s)

---------------  T H R E A D  ---------------

Current thread (0x000001cfc246bf60):  JavaThread "C2 CompilerThread0" daemon [_thread_in_native, id=7276, stack(0x0000002fad900000,0x0000002fada00000)]


Current CompileTask:
C2:65910671 12146 %     4       com.fasterxml.jackson.databind.deser.BeanDeserializerFactory::addBeanProps @ 636 (862 bytes)

Stack: [0x0000002fad900000,0x0000002fada00000]
Native frames: (J=compiled Java code, j=interpreted, Vv=VM code, C=native code)
V  [jvm.dll+0x67741a]
V  [jvm.dll+0x834434]
V  [jvm.dll+0x835bde]
V  [jvm.dll+0x836243]
V  [jvm.dll+0x2457b5]
V  [jvm.dll+0xabafc]
V  [jvm.dll+0xac0cc]
V  [jvm.dll+0x363492]
V  [jvm.dll+0x32dda1]
V  [jvm.dll+0x32d24a]
V  [jvm.dll+0x2185f1]
V  [jvm.dll+0x217a11]
V  [jvm.dll+0x1a3d0d]
V  [jvm.dll+0x22742a]
V  [jvm.dll+0x225565]
V  [jvm.dll+0x7ea2cb]
V  [jvm.dll+0x7e483a]
V  [jvm.dll+0x6762c5]
C  [ucrtbase.dll+0x26c0c]
C  [y_zonwif.dll+0x154e0]
C  [Protector64.dll+0x38803]
C  [ntdll.dll+0x485b]


---------------  P R O C E S S  ---------------

Threads class SMR info:
_java_thread_list=0x000001cfc5593940, length=40, elements={
0x000001cfc2452260, 0x000001cfc24532c0, 0x000001cfc240e1b0, 0x000001cfc240ea70,
0x000001cfc24233c0, 0x000001cfc2423c80, 0x000001cfc246bf60, 0x000001cfc24c1f40,
0x000001cfc24ec020, 0x000001cfc25dd660, 0x000001cfc2615bb0, 0x000001cfc346dbd0,
0x000001cfc71cff40, 0x000001cfc71d4c40, 0x000001cfc71d55e0, 0x000001cfc71d20f0,
0x000001cfc71d0410, 0x000001cfc71d6920, 0x000001cfc71d3430, 0x000001cfc71d5f80,
0x000001cfc71d2f60, 0x000001cfc71d5ab0, 0x000001cfc71d2a90, 0x000001cfc71d3900,
0x000001cfc71d3dd0, 0x000001cfc71d42a0, 0x000001cfc71d6450, 0x000001cfc71cf5a0,
0x000001cfc71d1c20, 0x000001cfc71d4770, 0x000001cfc71d08e0, 0x000001cfc71d5110,
0x000001cfc71cfa70, 0x000001cfc71d0db0, 0x000001cfc71d1280, 0x000001cfc71d1750,
0x000001cfc5b85890, 0x000001cfc5b89720, 0x000001cfc5b84550, 0x000001cfc5b853c0
}

Java Threads: ( => current thread )
  0x000001cfc2452260 JavaThread "Reference Handler" daemon [_thread_blocked, id=17284, stack(0x0000002fad300000,0x0000002fad400000)]
  0x000001cfc24532c0 JavaThread "Finalizer" daemon [_thread_blocked, id=17880, stack(0x0000002fad400000,0x0000002fad500000)]
  0x000001cfc240e1b0 JavaThread "Signal Dispatcher" daemon [_thread_blocked, id=14716, stack(0x0000002fad500000,0x0000002fad600000)]
  0x000001cfc240ea70 JavaThread "Attach Listener" daemon [_thread_blocked, id=16128, stack(0x0000002fad600000,0x0000002fad700000)]
  0x000001cfc24233c0 JavaThread "Service Thread" daemon [_thread_blocked, id=6484, stack(0x0000002fad700000,0x0000002fad800000)]
  0x000001cfc2423c80 JavaThread "Monitor Deflation Thread" daemon [_thread_blocked, id=20376, stack(0x0000002fad800000,0x0000002fad900000)]
=>0x000001cfc246bf60 JavaThread "C2 CompilerThread0" daemon [_thread_in_native, id=7276, stack(0x0000002fad900000,0x0000002fada00000)]
  0x000001cfc24c1f40 JavaThread "C1 CompilerThread0" daemon [_thread_blocked, id=33828, stack(0x0000002fada00000,0x0000002fadb00000)]
  0x000001cfc24ec020 JavaThread "Sweeper thread" daemon [_thread_blocked, id=30588, stack(0x0000002fadb00000,0x0000002fadc00000)]
  0x000001cfc25dd660 JavaThread "Notification Thread" daemon [_thread_blocked, id=27316, stack(0x0000002fadc00000,0x0000002fadd00000)]
  0x000001cfc2615bb0 JavaThread "Common-Cleaner" daemon [_thread_blocked, id=29400, stack(0x0000002fade00000,0x0000002fadf00000)]
  0x000001cfc346dbd0 JavaThread "Catalina-utility-1" [_thread_blocked, id=15436, stack(0x0000002faea00000,0x0000002faeb00000)]
  0x000001cfc71cff40 JavaThread "Catalina-utility-2" [_thread_blocked, id=30728, stack(0x0000002faeb00000,0x0000002faec00000)]
  0x000001cfc71d4c40 JavaThread "container-0" [_thread_blocked, id=25960, stack(0x0000002faec00000,0x0000002faed00000)]
  0x000001cfc71d55e0 JavaThread "mysql-cj-abandoned-connection-cleanup" daemon [_thread_blocked, id=24176, stack(0x0000002faed00000,0x0000002faee00000)]
  0x000001cfc71d20f0 JavaThread "HikariPool-1 housekeeper" daemon [_thread_blocked, id=39740, stack(0x0000002faef00000,0x0000002faf000000)]
  0x000001cfc71d0410 JavaThread "File Watcher" daemon [_thread_blocked, id=33404, stack(0x0000002faf200000,0x0000002faf300000)]
  0x000001cfc71d6920 JavaThread "spring.cloud.inetutils" daemon [_thread_blocked, id=38628, stack(0x0000002faf300000,0x0000002faf400000)]
  0x000001cfc71d3430 JavaThread "AsyncResolver-bootstrap-0" daemon [_thread_blocked, id=37076, stack(0x0000002faf100000,0x0000002faf200000)]
  0x000001cfc71d5f80 JavaThread "DiscoveryClient-0" daemon [_thread_blocked, id=14416, stack(0x0000002faf400000,0x0000002faf500000)]
  0x000001cfc71d2f60 JavaThread "DiscoveryClient-1" daemon [_thread_blocked, id=37832, stack(0x0000002faf500000,0x0000002faf600000)]
  0x000001cfc71d5ab0 JavaThread "DiscoveryClient-InstanceInfoReplicator-0" daemon [_thread_blocked, id=27576, stack(0x0000002faf600000,0x0000002faf700000)]
  0x000001cfc71d2a90 JavaThread "http-nio-9003-exec-1" daemon [_thread_blocked, id=34224, stack(0x0000002faf800000,0x0000002faf900000)]
  0x000001cfc71d3900 JavaThread "http-nio-9003-exec-2" daemon [_thread_blocked, id=34324, stack(0x0000002faf900000,0x0000002fafa00000)]
  0x000001cfc71d3dd0 JavaThread "http-nio-9003-exec-3" daemon [_thread_blocked, id=26140, stack(0x0000002fafa00000,0x0000002fafb00000)]
  0x000001cfc71d42a0 JavaThread "http-nio-9003-exec-4" daemon [_thread_blocked, id=9564, stack(0x0000002fafb00000,0x0000002fafc00000)]
  0x000001cfc71d6450 JavaThread "http-nio-9003-exec-5" daemon [_thread_blocked, id=35824, stack(0x0000002fafc00000,0x0000002fafd00000)]
  0x000001cfc71cf5a0 JavaThread "http-nio-9003-exec-6" daemon [_thread_blocked, id=23892, stack(0x0000002fafd00000,0x0000002fafe00000)]
  0x000001cfc71d1c20 JavaThread "http-nio-9003-exec-7" daemon [_thread_blocked, id=26208, stack(0x0000002fafe00000,0x0000002faff00000)]
  0x000001cfc71d4770 JavaThread "http-nio-9003-exec-8" daemon [_thread_blocked, id=5884, stack(0x0000002faff00000,0x0000002fb0000000)]
  0x000001cfc71d08e0 JavaThread "http-nio-9003-exec-9" daemon [_thread_blocked, id=28820, stack(0x0000002fb0000000,0x0000002fb0100000)]
  0x000001cfc71d5110 JavaThread "http-nio-9003-exec-10" daemon [_thread_blocked, id=33384, stack(0x0000002fb0100000,0x0000002fb0200000)]
  0x000001cfc71cfa70 JavaThread "http-nio-9003-Poller" daemon [_thread_in_native, id=36908, stack(0x0000002fb0200000,0x0000002fb0300000)]
  0x000001cfc71d0db0 JavaThread "http-nio-9003-Acceptor" daemon [_thread_in_native, id=1964, stack(0x0000002fb0300000,0x0000002fb0400000)]
  0x000001cfc71d1280 JavaThread "DestroyJavaVM" [_thread_blocked, id=10280, stack(0x0000002facc00000,0x0000002facd00000)]
  0x000001cfc71d1750 JavaThread "DiscoveryClient-HeartbeatExecutor-0" daemon [_thread_blocked, id=25480, stack(0x0000002fae400000,0x0000002fae500000)]
  0x000001cfc5b85890 JavaThread "DiscoveryClient-CacheRefreshExecutor-0" daemon [_thread_blocked, id=13884, stack(0x0000002fae500000,0x0000002fae600000)]
  0x000001cfc5b89720 JavaThread "AsyncResolver-bootstrap-executor-0" daemon [_thread_blocked, id=31508, stack(0x0000002faf000000,0x0000002faf100000)]
  0x000001cfc5b84550 JavaThread "boundedElastic-evictor-1" daemon [_thread_blocked, id=35080, stack(0x0000002fb0400000,0x0000002fb0500000)]
  0x000001cfc5b853c0 JavaThread "pool-10-thread-1" daemon [_thread_blocked, id=5244, stack(0x0000002fb0500000,0x0000002fb0600000)]

Other Threads:
  0x000001cfbf0ce770 VMThread "VM Thread" [stack: 0x0000002fad200000,0x0000002fad300000] [id=15052]
  0x000001cfa665ece0 WatcherThread [stack: 0x0000002fadd00000,0x0000002fade00000] [id=15024]
  0x000001cfa8d2e850 GCTaskThread "GC Thread#0" [stack: 0x0000002facd00000,0x0000002face00000] [id=25908]
  0x000001cfc33889f0 GCTaskThread "GC Thread#1" [stack: 0x0000002fadf00000,0x0000002fae000000] [id=35312]
  0x000001cfc33e24d0 GCTaskThread "GC Thread#2" [stack: 0x0000002fae000000,0x0000002fae100000] [id=3004]
  0x000001cfc347f720 GCTaskThread "GC Thread#3" [stack: 0x0000002fae100000,0x0000002fae200000] [id=37940]
  0x000001cfc347f9d0 GCTaskThread "GC Thread#4" [stack: 0x0000002fae200000,0x0000002fae300000] [id=29900]
  0x000001cfc362c370 GCTaskThread "GC Thread#5" [stack: 0x0000002fae300000,0x0000002fae400000] [id=11512]
  0x000001cfc384bd50 GCTaskThread "GC Thread#6" [stack: 0x0000002fae700000,0x0000002fae800000] [id=38816]
  0x000001cfc384c000 GCTaskThread "GC Thread#7" [stack: 0x0000002fae800000,0x0000002fae900000] [id=32428]
  0x000001cfbeedc580 ConcurrentGCThread "G1 Main Marker" [stack: 0x0000002face00000,0x0000002facf00000] [id=23228]
  0x000001cfbeedeea0 ConcurrentGCThread "G1 Conc#0" [stack: 0x0000002facf00000,0x0000002fad000000] [id=28304]
  0x000001cfc3ea5c20 ConcurrentGCThread "G1 Conc#1" [stack: 0x0000002fae900000,0x0000002faea00000] [id=19360]
  0x000001cfbef40de0 ConcurrentGCThread "G1 Refine#0" [stack: 0x0000002fad000000,0x0000002fad100000] [id=36244]
  0x000001cfbef415a0 ConcurrentGCThread "G1 Service" [stack: 0x0000002fad100000,0x0000002fad200000] [id=34428]

Threads with active compile tasks:
C2 CompilerThread0  65910950 12146 %     4       com.fasterxml.jackson.databind.deser.BeanDeserializerFactory::addBeanProps @ 636 (862 bytes)

VM state: not at safepoint (normal execution)

VM Mutex/Monitor currently owned by a thread: None

Heap address: 0x00000000a1000000, size: 1520 MB, Compressed Oops mode: 32-bit

CDS archive(s) not mapped
Compressed class space mapped at: 0x0000000100000000-0x0000000140000000, reserved size: 1073741824
Narrow klass base: 0x0000000000000000, Narrow klass shift: 3, Narrow klass range: 0x140000000

GC Precious Log:
 CPUs: 8 total, 8 available
 Memory: 6077M
 Large Page Support: Disabled
 NUMA Support: Disabled
 Compressed Oops: Enabled (32-bit)
 Heap Region Size: 1M
 Heap Min Capacity: 8M
 Heap Initial Capacity: 96M
 Heap Max Capacity: 1520M
 Pre-touch: Disabled
 Parallel Workers: 8
 Concurrent Workers: 2
 Concurrent Refinement Workers: 8
 Periodic GC: Disabled

Heap:
 garbage-first heap   total 75776K, used 56424K [0x00000000a1000000, 0x0000000100000000)
  region size 1024K, 19 young (19456K), 1 survivors (1024K)
 Metaspace       used 90216K, committed 90752K, reserved 1130496K
  class space    used 11645K, committed 11968K, reserved 1048576K

Heap Regions: E=young(eden), S=young(survivor), O=old, HS=humongous(starts), HC=humongous(continues), CS=collection set, F=free, OA=open archive, CA=closed archive, TAMS=top-at-mark-start (previous, next)
|   0|0x00000000a1000000, 0x00000000a1100000, 0x00000000a1100000|100%|HS|  |TAMS 0x00000000a1100000, 0x00000000a1000000| Complete 
|   1|0x00000000a1100000, 0x00000000a1200000, 0x00000000a1200000|100%| O|  |TAMS 0x00000000a1200000, 0x00000000a1100000| Untracked 
|   2|0x00000000a1200000, 0x00000000a1300000, 0x00000000a1300000|100%| O|  |TAMS 0x00000000a1300000, 0x00000000a1200000| Untracked 
|   3|0x00000000a1300000, 0x00000000a1400000, 0x00000000a1400000|100%| O|  |TAMS 0x00000000a1400000, 0x00000000a1300000| Untracked 
|   4|0x00000000a1400000, 0x00000000a1500000, 0x00000000a1500000|100%| O|  |TAMS 0x00000000a1500000, 0x00000000a1400000| Untracked 
|   5|0x00000000a1500000, 0x00000000a1600000, 0x00000000a1600000|100%| O|  |TAMS 0x00000000a1600000, 0x00000000a1500000| Untracked 
|   6|0x00000000a1600000, 0x00000000a1700000, 0x00000000a1700000|100%| O|  |TAMS 0x00000000a1700000, 0x00000000a1600000| Untracked 
|   7|0x00000000a1700000, 0x00000000a1800000, 0x00000000a1800000|100%| O|  |TAMS 0x00000000a1800000, 0x00000000a1700000| Untracked 
|   8|0x00000000a1800000, 0x00000000a1900000, 0x00000000a1900000|100%| O|  |TAMS 0x00000000a1900000, 0x00000000a1800000| Untracked 
|   9|0x00000000a1900000, 0x00000000a1a00000, 0x00000000a1a00000|100%| O|  |TAMS 0x00000000a1a00000, 0x00000000a1900000| Untracked 
|  10|0x00000000a1a00000, 0x00000000a1b00000, 0x00000000a1b00000|100%| O|  |TAMS 0x00000000a1a00000, 0x00000000a1a00000| Untracked 
|  11|0x00000000a1b00000, 0x00000000a1c00000, 0x00000000a1c00000|100%| O|  |TAMS 0x00000000a1c00000, 0x00000000a1b00000| Untracked 
|  12|0x00000000a1c00000, 0x00000000a1c00000, 0x00000000a1d00000|  0%| F|  |TAMS 0x00000000a1c00000, 0x00000000a1c00000| Untracked 
|  13|0x00000000a1d00000, 0x00000000a1e00000, 0x00000000a1e00000|100%| O|  |TAMS 0x00000000a1e00000, 0x00000000a1d00000| Untracked 
|  14|0x00000000a1e00000, 0x00000000a1e00000, 0x00000000a1f00000|  0%| F|  |TAMS 0x00000000a1e00000, 0x00000000a1e00000| Untracked 
|  15|0x00000000a1f00000, 0x00000000a2000000, 0x00000000a2000000|100%| O|  |TAMS 0x00000000a2000000, 0x00000000a1f00000| Untracked 
|  16|0x00000000a2000000, 0x00000000a2100000, 0x00000000a2100000|100%| O|  |TAMS 0x00000000a2100000, 0x00000000a2000000| Untracked 
|  17|0x00000000a2100000, 0x00000000a2193200, 0x00000000a2200000| 57%| O|  |TAMS 0x00000000a2100000, 0x00000000a2100000| Untracked 
|  18|0x00000000a2200000, 0x00000000a2300000, 0x00000000a2300000|100%| O|  |TAMS 0x00000000a2300000, 0x00000000a2200000| Untracked 
|  19|0x00000000a2300000, 0x00000000a2400000, 0x00000000a2400000|100%| O|  |TAMS 0x00000000a2400000, 0x00000000a2300000| Untracked 
|  20|0x00000000a2400000, 0x00000000a2500000, 0x00000000a2500000|100%| O|  |TAMS 0x00000000a2500000, 0x00000000a2400000| Untracked 
|  21|0x00000000a2500000, 0x00000000a2600000, 0x00000000a2600000|100%| O|  |TAMS 0x00000000a2600000, 0x00000000a2500000| Untracked 
|  22|0x00000000a2600000, 0x00000000a2700000, 0x00000000a2700000|100%| O|  |TAMS 0x00000000a2700000, 0x00000000a2600000| Untracked 
|  23|0x00000000a2700000, 0x00000000a2800000, 0x00000000a2800000|100%| O|  |TAMS 0x00000000a2800000, 0x00000000a2700000| Untracked 
|  24|0x00000000a2800000, 0x00000000a2800000, 0x00000000a2900000|  0%| F|  |TAMS 0x00000000a2800000, 0x00000000a2800000| Untracked 
|  25|0x00000000a2900000, 0x00000000a2a00000, 0x00000000a2a00000|100%| O|  |TAMS 0x00000000a2a00000, 0x00000000a2900000| Untracked 
|  26|0x00000000a2a00000, 0x00000000a2b00000, 0x00000000a2b00000|100%| O|  |TAMS 0x00000000a2b00000, 0x00000000a2a00000| Untracked 
|  27|0x00000000a2b00000, 0x00000000a2c00000, 0x00000000a2c00000|100%| O|  |TAMS 0x00000000a2b5f200, 0x00000000a2b00000| Untracked 
|  28|0x00000000a2c00000, 0x00000000a2d00000, 0x00000000a2d00000|100%| O|  |TAMS 0x00000000a2d00000, 0x00000000a2c00000| Untracked 
|  29|0x00000000a2d00000, 0x00000000a2e00000, 0x00000000a2e00000|100%| O|  |TAMS 0x00000000a2e00000, 0x00000000a2d00000| Untracked 
|  30|0x00000000a2e00000, 0x00000000a2f00000, 0x00000000a2f00000|100%| O|  |TAMS 0x00000000a2f00000, 0x00000000a2e00000| Untracked 
|  31|0x00000000a2f00000, 0x00000000a2f00000, 0x00000000a3000000|  0%| F|  |TAMS 0x00000000a2f00000, 0x00000000a2f00000| Untracked 
|  32|0x00000000a3000000, 0x00000000a3100000, 0x00000000a3100000|100%| O|  |TAMS 0x00000000a3100000, 0x00000000a3000000| Untracked 
|  33|0x00000000a3100000, 0x00000000a3100000, 0x00000000a3200000|  0%| F|  |TAMS 0x00000000a3100000, 0x00000000a3100000| Untracked 
|  34|0x00000000a3200000, 0x00000000a3200000, 0x00000000a3300000|  0%| F|  |TAMS 0x00000000a3200000, 0x00000000a3200000| Untracked 
|  35|0x00000000a3300000, 0x00000000a3300000, 0x00000000a3400000|  0%| F|  |TAMS 0x00000000a3300000, 0x00000000a3300000| Untracked 
|  36|0x00000000a3400000, 0x00000000a3400000, 0x00000000a3500000|  0%| F|  |TAMS 0x00000000a3400000, 0x00000000a3400000| Untracked 
|  37|0x00000000a3500000, 0x00000000a3600000, 0x00000000a3600000|100%| O|  |TAMS 0x00000000a3600000, 0x00000000a3500000| Untracked 
|  38|0x00000000a3600000, 0x00000000a3700000, 0x00000000a3700000|100%| O|  |TAMS 0x00000000a3700000, 0x00000000a3600000| Untracked 
|  39|0x00000000a3700000, 0x00000000a3800000, 0x00000000a3800000|100%| O|  |TAMS 0x00000000a3800000, 0x00000000a3700000| Untracked 
|  40|0x00000000a3800000, 0x00000000a3800000, 0x00000000a3900000|  0%| F|  |TAMS 0x00000000a3800000, 0x00000000a3800000| Untracked 
|  41|0x00000000a3900000, 0x00000000a3a00000, 0x00000000a3a00000|100%| O|  |TAMS 0x00000000a3a00000, 0x00000000a3900000| Untracked 
|  42|0x00000000a3a00000, 0x00000000a3b00000, 0x00000000a3b00000|100%| O|  |TAMS 0x00000000a3b00000, 0x00000000a3a00000| Untracked 
|  43|0x00000000a3b00000, 0x00000000a3b00000, 0x00000000a3c00000|  0%| F|  |TAMS 0x00000000a3b00000, 0x00000000a3b00000| Untracked 
|  44|0x00000000a3c00000, 0x00000000a3d00000, 0x00000000a3d00000|100%| O|  |TAMS 0x00000000a3d00000, 0x00000000a3c00000| Untracked 
|  45|0x00000000a3d00000, 0x00000000a3e00000, 0x00000000a3e00000|100%| O|  |TAMS 0x00000000a3e00000, 0x00000000a3d00000| Untracked 
|  46|0x00000000a3e00000, 0x00000000a3f00000, 0x00000000a3f00000|100%| O|  |TAMS 0x00000000a3f00000, 0x00000000a3e00000| Untracked 
|  47|0x00000000a3f00000, 0x00000000a4000000, 0x00000000a4000000|100%| O|  |TAMS 0x00000000a4000000, 0x00000000a3f00000| Untracked 
|  48|0x00000000a4000000, 0x00000000a4100000, 0x00000000a4100000|100%| O|  |TAMS 0x00000000a4100000, 0x00000000a4000000| Untracked 
|  49|0x00000000a4100000, 0x00000000a4100000, 0x00000000a4200000|  0%| F|  |TAMS 0x00000000a4100000, 0x00000000a4100000| Untracked 
|  50|0x00000000a4200000, 0x00000000a4200000, 0x00000000a4300000|  0%| F|  |TAMS 0x00000000a4200000, 0x00000000a4200000| Untracked 
|  51|0x00000000a4300000, 0x00000000a4300000, 0x00000000a4400000|  0%| F|  |TAMS 0x00000000a4300000, 0x00000000a4300000| Untracked 
|  52|0x00000000a4400000, 0x00000000a4400000, 0x00000000a4500000|  0%| F|  |TAMS 0x00000000a4400000, 0x00000000a4400000| Untracked 
|  53|0x00000000a4500000, 0x00000000a4500000, 0x00000000a4600000|  0%| F|  |TAMS 0x00000000a4500000, 0x00000000a4500000| Untracked 
|  54|0x00000000a4600000, 0x00000000a4600000, 0x00000000a4700000|  0%| F|  |TAMS 0x00000000a4600000, 0x00000000a4600000| Untracked 
|  55|0x00000000a4700000, 0x00000000a4784e18, 0x00000000a4800000| 51%| E|  |TAMS 0x00000000a4700000, 0x00000000a4700000| Complete 
|  56|0x00000000a4800000, 0x00000000a4900000, 0x00000000a4900000|100%| E|CS|TAMS 0x00000000a4800000, 0x00000000a4800000| Complete 
|  57|0x00000000a4900000, 0x00000000a4a00000, 0x00000000a4a00000|100%| E|CS|TAMS 0x00000000a4900000, 0x00000000a4900000| Complete 
|  58|0x00000000a4a00000, 0x00000000a4b00000, 0x00000000a4b00000|100%| E|CS|TAMS 0x00000000a4a00000, 0x00000000a4a00000| Complete 
|  59|0x00000000a4b00000, 0x00000000a4c00000, 0x00000000a4c00000|100%| E|CS|TAMS 0x00000000a4b00000, 0x00000000a4b00000| Complete 
|  60|0x00000000a4c00000, 0x00000000a4d00000, 0x00000000a4d00000|100%| E|CS|TAMS 0x00000000a4c00000, 0x00000000a4c00000| Complete 
|  61|0x00000000a4d00000, 0x00000000a4e00000, 0x00000000a4e00000|100%| E|CS|TAMS 0x00000000a4d00000, 0x00000000a4d00000| Complete 
|  62|0x00000000a4e00000, 0x00000000a4f00000, 0x00000000a4f00000|100%| E|CS|TAMS 0x00000000a4e00000, 0x00000000a4e00000| Complete 
|  63|0x00000000a4f00000, 0x00000000a5000000, 0x00000000a5000000|100%| E|CS|TAMS 0x00000000a4f00000, 0x00000000a4f00000| Complete 
|  64|0x00000000a5000000, 0x00000000a5100000, 0x00000000a5100000|100%| E|CS|TAMS 0x00000000a5000000, 0x00000000a5000000| Complete 
|  65|0x00000000a5100000, 0x00000000a5200000, 0x00000000a5200000|100%| E|  |TAMS 0x00000000a5100000, 0x00000000a5100000| Complete 
|  66|0x00000000a5200000, 0x00000000a5300000, 0x00000000a5300000|100%| E|CS|TAMS 0x00000000a5200000, 0x00000000a5200000| Complete 
|  67|0x00000000a5300000, 0x00000000a5400000, 0x00000000a5400000|100%| E|CS|TAMS 0x00000000a5300000, 0x00000000a5300000| Complete 
|  68|0x00000000a5400000, 0x00000000a5500000, 0x00000000a5500000|100%| E|CS|TAMS 0x00000000a5400000, 0x00000000a5400000| Complete 
|  69|0x00000000a5500000, 0x00000000a5600000, 0x00000000a5600000|100%| E|CS|TAMS 0x00000000a5500000, 0x00000000a5500000| Complete 
|  70|0x00000000a5600000, 0x00000000a5700000, 0x00000000a5700000|100%| E|CS|TAMS 0x00000000a5600000, 0x00000000a5600000| Complete 
|  77|0x00000000a5d00000, 0x00000000a5d87050, 0x00000000a5e00000| 52%| S|CS|TAMS 0x00000000a5d00000, 0x00000000a5d00000| Complete 
|  78|0x00000000a5e00000, 0x00000000a5f00000, 0x00000000a5f00000|100%| E|CS|TAMS 0x00000000a5e00000, 0x00000000a5e00000| Complete 
|  95|0x00000000a6f00000, 0x00000000a7000000, 0x00000000a7000000|100%| E|CS|TAMS 0x00000000a6f00000, 0x00000000a6f00000| Complete 

Card table byte_map: [0x000001cfbb950000,0x000001cfbbc50000] _byte_map_base: 0x000001cfbb448000

Marking Bits (Prev, Next): (CMBitMap*) 0x000001cfbeed00d0, (CMBitMap*) 0x000001cfbeed0090
 Prev Bits: [0x000001cfbd710000, 0x000001cfbeed0000)
 Next Bits: [0x000001cfbbf50000, 0x000001cfbd710000)

Polling page: 0x000001cfa68e0000

Metaspace:

Usage:
  Non-class:     76.73 MB used.
      Class:     11.37 MB used.
       Both:     88.10 MB used.

Virtual space:
  Non-class space:       80.00 MB reserved,      76.94 MB ( 96%) committed,  10 nodes.
      Class space:        1.00 GB reserved,      11.69 MB (  1%) committed,  1 nodes.
             Both:        1.08 GB reserved,      88.62 MB (  8%) committed. 

Chunk freelists:
   Non-Class:  2.38 MB
       Class:  280.00 KB
        Both:  2.65 MB

MaxMetaspaceSize: unlimited
CompressedClassSpaceSize: 1.00 GB
Initial GC threshold: 21.00 MB
Current GC threshold: 147.62 MB
CDS: off
MetaspaceReclaimPolicy: balanced
 - commit_granule_bytes: 65536.
 - commit_granule_words: 8192.
 - virtual_space_node_default_size: 1048576.
 - enlarge_chunks_in_place: 1.
 - new_chunks_are_fully_committed: 0.
 - uncommit_free_chunks: 1.
 - use_allocation_guard: 0.
 - handle_deallocations: 1.


Internal statistics:

num_allocs_failed_limit: 6.
num_arena_births: 876.
num_arena_deaths: 384.
num_vsnodes_births: 11.
num_vsnodes_deaths: 0.
num_space_committed: 1418.
num_space_uncommitted: 0.
num_chunks_returned_to_freelist: 489.
num_chunks_taken_from_freelist: 3844.
num_chunk_merges: 149.
num_chunk_splits: 2614.
num_chunks_enlarged: 2028.
num_purges: 18.
num_inconsistent_stats: 0.

CodeHeap 'non-profiled nmethods': size=120000Kb used=7419Kb max_used=7419Kb free=112580Kb
 bounds [0x000001cfb3df0000, 0x000001cfb4530000, 0x000001cfbb320000]
CodeHeap 'profiled nmethods': size=120000Kb used=21013Kb max_used=21013Kb free=98986Kb
 bounds [0x000001cfac320000, 0x000001cfad7b0000, 0x000001cfb3850000]
CodeHeap 'non-nmethods': size=5760Kb used=1370Kb max_used=1421Kb free=4389Kb
 bounds [0x000001cfb3850000, 0x000001cfb3ac0000, 0x000001cfb3df0000]
 total_blobs=10823 nmethods=10113 adapters=620
 compilation: enabled
              stopped_count=0, restarted_count=0
 full_count=0

Compilation events (20 events):
Event: 65908.279 Thread 0x000001cfc24c1f40 nmethod 12137 0x000001cfad7a0310 code [0x000001cfad7a04c0, 0x000001cfad7a07e8]
Event: 65908.280 Thread 0x000001cfc24c1f40 12138       3       com.fasterxml.jackson.databind.cfg.MapperConfigBase::<init> (71 bytes)
Event: 65908.303 Thread 0x000001cfc24c1f40 nmethod 12138 0x000001cfad7a0910 code [0x000001cfad7a0ae0, 0x000001cfad7a1018]
Event: 65908.303 Thread 0x000001cfc24c1f40 12139       3       com.fasterxml.jackson.databind.cfg.MapperConfig::<init> (18 bytes)
Event: 65908.307 Thread 0x000001cfc24c1f40 nmethod 12139 0x000001cfad7a1110 code [0x000001cfad7a12a0, 0x000001cfad7a1478]
Event: 65908.307 Thread 0x000001cfc24c1f40 12133       3       org.springframework.http.converter.json.Jackson2ObjectMapperBuilder::configureFeature (141 bytes)
Event: 65908.331 Thread 0x000001cfc24c1f40 nmethod 12133 0x000001cfad7a1590 code [0x000001cfad7a18e0, 0x000001cfad7a31b8]
Event: 65908.510 Thread 0x000001cfc24c1f40 12140       3       com.fasterxml.jackson.databind.introspect.JacksonAnnotationIntrospector::findPropertyContentTypeResolver (47 bytes)
Event: 65908.524 Thread 0x000001cfc246bf60 12141       4       com.fasterxml.jackson.databind.type.TypeBase::getInterfaces (66 bytes)
Event: 65908.554 Thread 0x000001cfc24c1f40 nmethod 12140 0x000001cfad7a3810 code [0x000001cfad7a3aa0, 0x000001cfad7a4498]
Event: 65908.554 Thread 0x000001cfc24c1f40 12142       3       com.fasterxml.jackson.databind.deser.std.CollectionDeserializer::<init> (32 bytes)
Event: 65908.576 Thread 0x000001cfc246bf60 nmethod 12141 0x000001cfb451fa90 code [0x000001cfb451fc20, 0x000001cfb451fdf8]
Event: 65908.582 Thread 0x000001cfc24c1f40 nmethod 12142 0x000001cfad7a4810 code [0x000001cfad7a4a00, 0x000001cfad7a5118]
Event: 65908.608 Thread 0x000001cfc24c1f40 12143       3       com.fasterxml.jackson.databind.type.MapType::refine (33 bytes)
Event: 65908.616 Thread 0x000001cfc24c1f40 nmethod 12143 0x000001cfad7a5310 code [0x000001cfad7a54c0, 0x000001cfad7a56a8]
Event: 65908.731 Thread 0x000001cfc246bf60 12144       4       com.fasterxml.jackson.databind.JavaType::isAbstract (11 bytes)
Event: 65908.735 Thread 0x000001cfc246bf60 nmethod 12144 0x000001cfb451ff10 code [0x000001cfb4520080, 0x000001cfb4520138]
Event: 65908.735 Thread 0x000001cfc246bf60 12145       4       com.fasterxml.jackson.databind.deser.DeserializerCache::findValueDeserializer (37 bytes)
Event: 65910.126 Thread 0x000001cfc246bf60 nmethod 12145 0x000001cfb4520210 code [0x000001cfb45209a0, 0x000001cfb45291e8]
Event: 65910.130 Thread 0x000001cfc246bf60 12146 %     4       com.fasterxml.jackson.databind.deser.BeanDeserializerFactory::addBeanProps @ 636 (862 bytes)

GC Heap History (20 events):
Event: 50738.591 GC heap before
{Heap before GC invocations=124 (full 0):
 garbage-first heap   total 75776K, used 41176K [0x00000000a1000000, 0x0000000100000000)
  region size 1024K, 3 young (3072K), 2 survivors (2048K)
 Metaspace       used 90043K, committed 90560K, reserved 1130496K
  class space    used 11644K, committed 11968K, reserved 1048576K
}
Event: 50738.692 GC heap after
{Heap after GC invocations=125 (full 0):
 garbage-first heap   total 75776K, used 39669K [0x00000000a1000000, 0x0000000100000000)
  region size 1024K, 1 young (1024K), 1 survivors (1024K)
 Metaspace       used 90043K, committed 90560K, reserved 1130496K
  class space    used 11644K, committed 11968K, reserved 1048576K
}
Event: 51334.440 GC heap before
{Heap before GC invocations=125 (full 0):
 garbage-first heap   total 75776K, used 64245K [0x00000000a1000000, 0x0000000100000000)
  region size 1024K, 25 young (25600K), 1 survivors (1024K)
 Metaspace       used 90064K, committed 90560K, reserved 1130496K
  class space    used 11645K, committed 11968K, reserved 1048576K
}
Event: 51334.509 GC heap after
{Heap after GC invocations=126 (full 0):
 garbage-first heap   total 75776K, used 40430K [0x00000000a1000000, 0x0000000100000000)
  region size 1024K, 2 young (2048K), 2 survivors (2048K)
 Metaspace       used 90064K, committed 90560K, reserved 1130496K
  class space    used 11645K, committed 11968K, reserved 1048576K
}
Event: 52020.496 GC heap before
{Heap before GC invocations=127 (full 0):
 garbage-first heap   total 75776K, used 62958K [0x00000000a1000000, 0x0000000100000000)
  region size 1024K, 24 young (24576K), 2 survivors (2048K)
 Metaspace       used 90064K, committed 90560K, reserved 1130496K
  class space    used 11645K, committed 11968K, reserved 1048576K
}
Event: 52020.581 GC heap after
{Heap after GC invocations=128 (full 0):
 garbage-first heap   total 75776K, used 40464K [0x00000000a1000000, 0x0000000100000000)
  region size 1024K, 2 young (2048K), 2 survivors (2048K)
 Metaspace       used 90064K, committed 90560K, reserved 1130496K
  class space    used 11645K, committed 11968K, reserved 1048576K
}
Event: 52049.735 GC heap before
{Heap before GC invocations=128 (full 0):
 garbage-first heap   total 75776K, used 41488K [0x00000000a1000000, 0x0000000100000000)
  region size 1024K, 3 young (3072K), 2 survivors (2048K)
 Metaspace       used 90064K, committed 90560K, reserved 1130496K
  class space    used 11645K, committed 11968K, reserved 1048576K
}
Event: 52049.843 GC heap after
{Heap after GC invocations=129 (full 0):
 garbage-first heap   total 75776K, used 40177K [0x00000000a1000000, 0x0000000100000000)
  region size 1024K, 1 young (1024K), 1 survivors (1024K)
 Metaspace       used 90064K, committed 90560K, reserved 1130496K
  class space    used 11645K, committed 11968K, reserved 1048576K
}
Event: 52738.464 GC heap before
{Heap before GC invocations=129 (full 0):
 garbage-first heap   total 75776K, used 63729K [0x00000000a1000000, 0x0000000100000000)
  region size 1024K, 24 young (24576K), 1 survivors (1024K)
 Metaspace       used 90090K, committed 90624K, reserved 1130496K
  class space    used 11645K, committed 11968K, reserved 1048576K
}
Event: 52738.563 GC heap after
{Heap after GC invocations=130 (full 0):
 garbage-first heap   total 75776K, used 40323K [0x00000000a1000000, 0x0000000100000000)
  region size 1024K, 1 young (1024K), 1 survivors (1024K)
 Metaspace       used 90090K, committed 90624K, reserved 1130496K
  class space    used 11645K, committed 11968K, reserved 1048576K
}
Event: 53301.594 GC heap before
{Heap before GC invocations=131 (full 0):
 garbage-first heap   total 75776K, used 63875K [0x00000000a1000000, 0x0000000100000000)
  region size 1024K, 24 young (24576K), 1 survivors (1024K)
 Metaspace       used 90154K, committed 90688K, reserved 1130496K
  class space    used 11644K, committed 11968K, reserved 1048576K
}
Event: 53301.640 GC heap after
{Heap after GC invocations=132 (full 0):
 garbage-first heap   total 75776K, used 41121K [0x00000000a1000000, 0x0000000100000000)
  region size 1024K, 2 young (2048K), 2 survivors (2048K)
 Metaspace       used 90154K, committed 90688K, reserved 1130496K
  class space    used 11644K, committed 11968K, reserved 1048576K
}
Event: 53331.199 GC heap before
{Heap before GC invocations=132 (full 0):
 garbage-first heap   total 75776K, used 42145K [0x00000000a1000000, 0x0000000100000000)
  region size 1024K, 3 young (3072K), 2 survivors (2048K)
 Metaspace       used 90154K, committed 90688K, reserved 1130496K
  class space    used 11644K, committed 11968K, reserved 1048576K
}
Event: 53331.304 GC heap after
{Heap after GC invocations=133 (full 0):
 garbage-first heap   total 75776K, used 40432K [0x00000000a1000000, 0x0000000100000000)
  region size 1024K, 1 young (1024K), 1 survivors (1024K)
 Metaspace       used 90154K, committed 90688K, reserved 1130496K
  class space    used 11644K, committed 11968K, reserved 1048576K
}
Event: 53991.583 GC heap before
{Heap before GC invocations=133 (full 0):
 garbage-first heap   total 75776K, used 63984K [0x00000000a1000000, 0x0000000100000000)
  region size 1024K, 24 young (24576K), 1 survivors (1024K)
 Metaspace       used 90164K, committed 90688K, reserved 1130496K
  class space    used 11644K, committed 11968K, reserved 1048576K
}
Event: 53991.668 GC heap after
{Heap after GC invocations=134 (full 0):
 garbage-first heap   total 75776K, used 40810K [0x00000000a1000000, 0x0000000100000000)
  region size 1024K, 1 young (1024K), 1 survivors (1024K)
 Metaspace       used 90164K, committed 90688K, reserved 1130496K
  class space    used 11644K, committed 11968K, reserved 1048576K
}
Event: 54705.588 GC heap before
{Heap before GC invocations=135 (full 0):
 garbage-first heap   total 75776K, used 64362K [0x00000000a1000000, 0x0000000100000000)
  region size 1024K, 24 young (24576K), 1 survivors (1024K)
 Metaspace       used 90164K, committed 90688K, reserved 1130496K
  class space    used 11644K, committed 11968K, reserved 1048576K
}
Event: 54705.628 GC heap after
{Heap after GC invocations=136 (full 0):
 garbage-first heap   total 75776K, used 40839K [0x00000000a1000000, 0x0000000100000000)
  region size 1024K, 1 young (1024K), 1 survivors (1024K)
 Metaspace       used 90164K, committed 90688K, reserved 1130496K
  class space    used 11644K, committed 11968K, reserved 1048576K
}
Event: 54764.798 GC heap before
{Heap before GC invocations=136 (full 0):
 garbage-first heap   total 75776K, used 42887K [0x00000000a1000000, 0x0000000100000000)
  region size 1024K, 3 young (3072K), 1 survivors (1024K)
 Metaspace       used 90164K, committed 90688K, reserved 1130496K
  class space    used 11644K, committed 11968K, reserved 1048576K
}
Event: 54764.890 GC heap after
{Heap after GC invocations=137 (full 0):
 garbage-first heap   total 75776K, used 40040K [0x00000000a1000000, 0x0000000100000000)
  region size 1024K, 1 young (1024K), 1 survivors (1024K)
 Metaspace       used 90164K, committed 90688K, reserved 1130496K
  class space    used 11644K, committed 11968K, reserved 1048576K
}

Dll operation events (9 events):
Event: 0.098 Loaded shared library C:\eclipse\plugins\org.eclipse.justj.openjdk.hotspot.jre.full.win32.x86_64_17.0.6.v20230204-1729\jre\bin\java.dll
Event: 1.325 Loaded shared library C:\eclipse\plugins\org.eclipse.justj.openjdk.hotspot.jre.full.win32.x86_64_17.0.6.v20230204-1729\jre\bin\net.dll
Event: 1.334 Loaded shared library C:\eclipse\plugins\org.eclipse.justj.openjdk.hotspot.jre.full.win32.x86_64_17.0.6.v20230204-1729\jre\bin\nio.dll
Event: 1.362 Loaded shared library C:\eclipse\plugins\org.eclipse.justj.openjdk.hotspot.jre.full.win32.x86_64_17.0.6.v20230204-1729\jre\bin\zip.dll
Event: 2.297 Loaded shared library C:\eclipse\plugins\org.eclipse.justj.openjdk.hotspot.jre.full.win32.x86_64_17.0.6.v20230204-1729\jre\bin\jimage.dll
Event: 4.266 Loaded shared library C:\eclipse\plugins\org.eclipse.justj.openjdk.hotspot.jre.full.win32.x86_64_17.0.6.v20230204-1729\jre\bin\management.dll
Event: 4.282 Loaded shared library C:\eclipse\plugins\org.eclipse.justj.openjdk.hotspot.jre.full.win32.x86_64_17.0.6.v20230204-1729\jre\bin\management_ext.dll
Event: 8.235 Loaded shared library C:\eclipse\plugins\org.eclipse.justj.openjdk.hotspot.jre.full.win32.x86_64_17.0.6.v20230204-1729\jre\bin\verify.dll
Event: 18.551 Loaded shared library C:\eclipse\plugins\org.eclipse.justj.openjdk.hotspot.jre.full.win32.x86_64_17.0.6.v20230204-1729\jre\bin\sunmscapi.dll

Deoptimization events (20 events):
Event: 44179.060 Thread 0x000001cfc5b84a20 DEOPT PACKING pc=0x000001cfb446e568 sp=0x0000002faeefcf30
Event: 44179.061 Thread 0x000001cfc5b84a20 DEOPT UNPACKING pc=0x000001cfb38a69a3 sp=0x0000002faeefd090 mode 2
Event: 44179.066 Thread 0x000001cfc5b84a20 Uncommon trap: trap_request=0xffffffbe fr.pc=0x000001cfb446e568 relative=0x0000000000004628
Event: 44179.066 Thread 0x000001cfc5b84a20 Uncommon trap: reason=profile_predicate action=maybe_recompile pc=0x000001cfb446e568 method=sun.security.ec.XECOperations.pointMultiply([BLsun/security/util/math/ImmutableIntegerModuloP;)Lsun/security/util/math/IntegerModuloP; @ 103 c2
Event: 44179.066 Thread 0x000001cfc5b84a20 DEOPT PACKING pc=0x000001cfb446e568 sp=0x0000002faeefce50
Event: 44179.066 Thread 0x000001cfc5b84a20 DEOPT UNPACKING pc=0x000001cfb38a69a3 sp=0x0000002faeefcfb0 mode 2
Event: 44179.604 Thread 0x000001cfc5b84a20 Uncommon trap: trap_request=0xffffffbe fr.pc=0x000001cfb446e568 relative=0x0000000000004628
Event: 44179.604 Thread 0x000001cfc5b84a20 Uncommon trap: reason=profile_predicate action=maybe_recompile pc=0x000001cfb446e568 method=sun.security.ec.XECOperations.pointMultiply([BLsun/security/util/math/ImmutableIntegerModuloP;)Lsun/security/util/math/IntegerModuloP; @ 103 c2
Event: 44179.604 Thread 0x000001cfc5b84a20 DEOPT PACKING pc=0x000001cfb446e568 sp=0x0000002faeefcf10
Event: 44179.604 Thread 0x000001cfc5b84a20 DEOPT UNPACKING pc=0x000001cfb38a69a3 sp=0x0000002faeefd070 mode 2
Event: 44179.616 Thread 0x000001cfc5b84a20 Uncommon trap: trap_request=0xffffffbe fr.pc=0x000001cfb446e568 relative=0x0000000000004628
Event: 44179.616 Thread 0x000001cfc5b84a20 Uncommon trap: reason=profile_predicate action=maybe_recompile pc=0x000001cfb446e568 method=sun.security.ec.XECOperations.pointMultiply([BLsun/security/util/math/ImmutableIntegerModuloP;)Lsun/security/util/math/IntegerModuloP; @ 103 c2
Event: 44179.616 Thread 0x000001cfc5b84a20 DEOPT PACKING pc=0x000001cfb446e568 sp=0x0000002faeefce20
Event: 44179.616 Thread 0x000001cfc5b84a20 DEOPT UNPACKING pc=0x000001cfb38a69a3 sp=0x0000002faeefcf80 mode 2
Event: 65900.376 Thread 0x000001cfc346dbd0 DEOPT PACKING pc=0x000001cfad656c61 sp=0x0000002faeafe650
Event: 65900.379 Thread 0x000001cfc346dbd0 DEOPT UNPACKING pc=0x000001cfb38a7143 sp=0x0000002faeafdbc8 mode 0
Event: 65908.814 Thread 0x000001cfc71d1750 Uncommon trap: trap_request=0xfffffff4 fr.pc=0x000001cfb45200ec relative=0x000000000000006c
Event: 65908.815 Thread 0x000001cfc71d1750 Uncommon trap: reason=null_check action=make_not_entrant pc=0x000001cfb45200ec method=com.fasterxml.jackson.databind.JavaType.isAbstract()Z @ 4 c2
Event: 65908.815 Thread 0x000001cfc71d1750 DEOPT PACKING pc=0x000001cfb45200ec sp=0x0000002fae4fca30
Event: 65908.815 Thread 0x000001cfc71d1750 DEOPT UNPACKING pc=0x000001cfb38a69a3 sp=0x0000002fae4fc9b8 mode 2

Classes unloaded (20 events):
Event: 42232.634 Thread 0x000001cfbf0ce770 Unloading class 0x000000010032cc00 'java/lang/invoke/LambdaForm$MH+0x000000010032cc00'
Event: 42232.634 Thread 0x000001cfbf0ce770 Unloading class 0x0000000100420000 'java/lang/invoke/LambdaForm$MH+0x0000000100420000'
Event: 42232.634 Thread 0x000001cfbf0ce770 Unloading class 0x0000000100424c00 'java/lang/invoke/LambdaForm$MH+0x0000000100424c00'
Event: 42232.634 Thread 0x000001cfbf0ce770 Unloading class 0x00000001009c0800 'java/lang/invoke/LambdaForm$MH+0x00000001009c0800'
Event: 42232.634 Thread 0x000001cfbf0ce770 Unloading class 0x0000000100a58000 'java/lang/invoke/LambdaForm$MH+0x0000000100a58000'
Event: 42232.634 Thread 0x000001cfbf0ce770 Unloading class 0x0000000100080800 'java/lang/invoke/LambdaForm$MH+0x0000000100080800'
Event: 42232.634 Thread 0x000001cfbf0ce770 Unloading class 0x0000000100088000 'java/lang/invoke/LambdaForm$MH+0x0000000100088000'
Event: 42232.634 Thread 0x000001cfbf0ce770 Unloading class 0x0000000100088800 'java/lang/invoke/LambdaForm$MH+0x0000000100088800'
Event: 42232.634 Thread 0x000001cfbf0ce770 Unloading class 0x0000000100230000 'java/lang/invoke/LambdaForm$MH+0x0000000100230000'
Event: 42232.634 Thread 0x000001cfbf0ce770 Unloading class 0x0000000100431400 'java/lang/invoke/LambdaForm$MH+0x0000000100431400'
Event: 42232.635 Thread 0x000001cfbf0ce770 Unloading class 0x0000000100558400 'java/lang/invoke/LambdaForm$MH+0x0000000100558400'
Event: 42232.635 Thread 0x000001cfbf0ce770 Unloading class 0x0000000100afa000 'jdk/internal/reflect/GeneratedMethodAccessor11'
Event: 42232.635 Thread 0x000001cfbf0ce770 Unloading class 0x0000000100af9c00 'jdk/internal/reflect/GeneratedMethodAccessor10'
Event: 42232.635 Thread 0x000001cfbf0ce770 Unloading class 0x0000000100af9800 'jdk/internal/reflect/GeneratedConstructorAccessor50'
Event: 42232.635 Thread 0x000001cfbf0ce770 Unloading class 0x0000000100af9400 'jdk/internal/reflect/GeneratedConstructorAccessor49'
Event: 42232.635 Thread 0x000001cfbf0ce770 Unloading class 0x0000000100af8400 'jdk/internal/reflect/GeneratedMethodAccessor9'
Event: 47461.837 Thread 0x000001cfbf0ce770 Unloading class 0x0000000100548000 'jdk/internal/reflect/GeneratedConstructorAccessor69'
Event: 47461.837 Thread 0x000001cfbf0ce770 Unloading class 0x0000000100543000 'jdk/internal/reflect/GeneratedConstructorAccessor68'
Event: 52738.952 Thread 0x000001cfbf0ce770 Unloading class 0x0000000100543000 'jdk/internal/reflect/GeneratedConstructorAccessor71'
Event: 52738.952 Thread 0x000001cfbf0ce770 Unloading class 0x0000000100548000 'jdk/internal/reflect/GeneratedConstructorAccessor70'

Classes redefined (0 events):
No events

Internal exceptions (20 events):
Event: 40576.204 Thread 0x000001cfc5b85d60 Exception <a 'java/io/IOException'{0x00000000a5009e48}> (0x00000000a5009e48) 
thrown [s\src\hotspot\share\prims\jni.cpp, line 516]
Event: 41230.652 Thread 0x000001cfc5b85890 Implicit null exception at 0x000001cfb3fe5f36 to 0x000001cfb3fe689c
Event: 42347.067 Thread 0x000001cfc5b870a0 Exception <a 'java/io/IOException'{0x00000000a56e8ba0}> (0x00000000a56e8ba0) 
thrown [s\src\hotspot\share\prims\jni.cpp, line 516]
Event: 42347.070 Thread 0x000001cfc5b870a0 Exception <a 'java/io/IOException'{0x00000000a56e96e0}> (0x00000000a56e96e0) 
thrown [s\src\hotspot\share\prims\jni.cpp, line 516]
Event: 44114.170 Thread 0x000001cfc5b870a0 Exception <a 'java/io/IOException'{0x00000000a4519fc0}> (0x00000000a4519fc0) 
thrown [s\src\hotspot\share\prims\jni.cpp, line 516]
Event: 44114.187 Thread 0x000001cfc5b870a0 Exception <a 'java/io/IOException'{0x00000000a451ab00}> (0x00000000a451ab00) 
thrown [s\src\hotspot\share\prims\jni.cpp, line 516]
Event: 45909.785 Thread 0x000001cfc5b85d60 Exception <a 'java/io/IOException'{0x00000000a4a01ad0}> (0x00000000a4a01ad0) 
thrown [s\src\hotspot\share\prims\jni.cpp, line 516]
Event: 45909.791 Thread 0x000001cfc5b85d60 Exception <a 'java/io/IOException'{0x00000000a4a02610}> (0x00000000a4a02610) 
thrown [s\src\hotspot\share\prims\jni.cpp, line 516]
Event: 47700.789 Thread 0x000001cfc5b84080 Exception <a 'java/io/IOException'{0x00000000a51738f0}> (0x00000000a51738f0) 
thrown [s\src\hotspot\share\prims\jni.cpp, line 516]
Event: 47700.795 Thread 0x000001cfc5b84080 Exception <a 'java/io/IOException'{0x00000000a5174430}> (0x00000000a5174430) 
thrown [s\src\hotspot\share\prims\jni.cpp, line 516]
Event: 49462.419 Thread 0x000001cfc5b87a40 Exception <a 'java/io/IOException'{0x00000000a5ebe560}> (0x00000000a5ebe560) 
thrown [s\src\hotspot\share\prims\jni.cpp, line 516]
Event: 49462.426 Thread 0x000001cfc5b87a40 Exception <a 'java/io/IOException'{0x00000000a5ebf538}> (0x00000000a5ebf538) 
thrown [s\src\hotspot\share\prims\jni.cpp, line 516]
Event: 51238.254 Thread 0x000001cfc5b870a0 Exception <a 'java/io/IOException'{0x00000000a486f718}> (0x00000000a486f718) 
thrown [s\src\hotspot\share\prims\jni.cpp, line 516]
Event: 51238.261 Thread 0x000001cfc5b870a0 Exception <a 'java/io/IOException'{0x00000000a4870258}> (0x00000000a4870258) 
thrown [s\src\hotspot\share\prims\jni.cpp, line 516]
Event: 51250.924 Thread 0x000001cfc5b84080 Exception <a 'java/io/IOException'{0x00000000a48dbd80}> (0x00000000a48dbd80) 
thrown [s\src\hotspot\share\prims\jni.cpp, line 516]
Event: 51250.924 Thread 0x000001cfc5b84080 Exception <a 'java/io/IOException'{0x00000000a48dc8c0}> (0x00000000a48dc8c0) 
thrown [s\src\hotspot\share\prims\jni.cpp, line 516]
Event: 52994.017 Thread 0x000001cfc5b84a20 Exception <a 'java/io/IOException'{0x00000000a5168d88}> (0x00000000a5168d88) 
thrown [s\src\hotspot\share\prims\jni.cpp, line 516]
Event: 52994.024 Thread 0x000001cfc5b84a20 Exception <a 'java/io/IOException'{0x00000000a51698c8}> (0x00000000a51698c8) 
thrown [s\src\hotspot\share\prims\jni.cpp, line 516]
Event: 54764.921 Thread 0x000001cfc5b85d60 Exception <a 'java/io/IOException'{0x00000000a6f05798}> (0x00000000a6f05798) 
thrown [s\src\hotspot\share\prims\jni.cpp, line 516]
Event: 54764.926 Thread 0x000001cfc5b85d60 Exception <a 'java/io/IOException'{0x00000000a6f062d8}> (0x00000000a6f062d8) 
thrown [s\src\hotspot\share\prims\jni.cpp, line 516]

VM Operations (20 events):
Event: 53992.059 Executing VM operation: G1Concurrent
Event: 53992.246 Executing VM operation: G1Concurrent done
Event: 53992.280 Executing VM operation: G1Concurrent
Event: 53992.281 Executing VM operation: G1Concurrent done
Event: 54502.484 Executing VM operation: Cleanup
Event: 54502.488 Executing VM operation: Cleanup done
Event: 54705.586 Executing VM operation: G1CollectForAllocation
Event: 54705.628 Executing VM operation: G1CollectForAllocation done
Event: 54764.798 Executing VM operation: G1CollectForAllocation
Event: 54764.890 Executing VM operation: G1CollectForAllocation done
Event: 54822.398 Executing VM operation: Cleanup
Event: 54822.398 Executing VM operation: Cleanup done
Event: 54842.580 Executing VM operation: Cleanup
Event: 54842.580 Executing VM operation: Cleanup done
Event: 54885.967 Executing VM operation: Cleanup
Event: 54885.967 Executing VM operation: Cleanup done
Event: 65901.674 Executing VM operation: Cleanup
Event: 65908.167 Executing VM operation: Cleanup done
Event: 65909.168 Executing VM operation: Cleanup
Event: 65909.169 Executing VM operation: Cleanup done

Events (20 events):
Event: 54829.265 Thread 0x000001cfc5b85d60 Thread exited: 0x000001cfc5b85d60
Event: 54829.280 Thread 0x000001cfc5b870a0 Thread exited: 0x000001cfc5b870a0
Event: 54829.343 Thread 0x000001cfc5b84080 Thread added: 0x000001cfc5b84080
Event: 54829.343 Thread 0x000001cfc5b84a20 Thread added: 0x000001cfc5b84a20
Event: 54834.360 Thread 0x000001cfc5b84080 Thread exited: 0x000001cfc5b84080
Event: 54834.390 Thread 0x000001cfc5b84a20 Thread exited: 0x000001cfc5b84a20
Event: 54836.898 Thread 0x000001cfc5b870a0 Thread added: 0x000001cfc5b870a0
Event: 54836.898 Thread 0x000001cfc5b883e0 Thread added: 0x000001cfc5b883e0
Event: 54841.907 Thread 0x000001cfc5b870a0 Thread exited: 0x000001cfc5b870a0
Event: 54841.908 Thread 0x000001cfc5b89250 Thread added: 0x000001cfc5b89250
Event: 54847.904 Thread 0x000001cfc5b89250 Thread exited: 0x000001cfc5b89250
Event: 54847.952 Thread 0x000001cfc5b883e0 Thread exited: 0x000001cfc5b883e0
Event: 54885.218 Thread 0x000001cfc5b87a40 Thread added: 0x000001cfc5b87a40
Event: 54885.218 Thread 0x000001cfc5b89250 Thread added: 0x000001cfc5b89250
Event: 54890.228 Thread 0x000001cfc5b87a40 Thread exited: 0x000001cfc5b87a40
Event: 54890.259 Thread 0x000001cfc5b89250 Thread exited: 0x000001cfc5b89250
Event: 54896.605 Thread 0x000001cfc5b84080 Thread added: 0x000001cfc5b84080
Event: 54896.606 Thread 0x000001cfc5b883e0 Thread added: 0x000001cfc5b883e0
Event: 54901.620 Thread 0x000001cfc5b84080 Thread exited: 0x000001cfc5b84080
Event: 54901.635 Thread 0x000001cfc5b883e0 Thread exited: 0x000001cfc5b883e0


Dynamic libraries:
0x00007ff709b80000 - 0x00007ff709b8e000 	C:\eclipse\plugins\org.eclipse.justj.openjdk.hotspot.jre.full.win32.x86_64_17.0.6.v20230204-1729\jre\bin\javaw.exe
0x00007ff8a4d20000 - 0x00007ff8a4f29000 	C:\Windows\SYSTEM32\ntdll.dll
0x00007ff8a4670000 - 0x00007ff8a472d000 	C:\Windows\System32\y_zonwif.dll
0x00007ff8a2650000 - 0x00007ff8a29cc000 	C:\Windows\System32\v_ykvtaydr.dll
0x00007ff8a4d20000 - 0x00007ff8a4f29000 	C:\Windows\SYSTEM32\ntdll.dll
0x00007ff8a4670000 - 0x00007ff8a472d000 	C:\Windows\System32\y_zonwif.dll
0x00007ff8a2650000 - 0x00007ff8a29cc000 	C:\Windows\System32\v_ykvtaydr.dll
0x00007ff8a29d0000 - 0x00007ff8a2ae1000 	C:\Windows\System32\ucrtbase.dll
0x00007ff88bec0000 - 0x00007ff88bed7000 	C:\eclipse\plugins\org.eclipse.justj.openjdk.hotspot.jre.full.win32.x86_64_17.0.6.v20230204-1729\jre\bin\jli.dll
0x00007ff8a4a30000 - 0x00007ff8a4bdd000 	C:\Windows\System32\USER32.dll
0x00007ff8a2200000 - 0x00007ff8a2226000 	C:\Windows\System32\win32u.dll
0x00007ff8a4500000 - 0x00007ff8a4529000 	C:\Windows\System32\GDI32.dll
0x00007ff8a2230000 - 0x00007ff8a2349000 	C:\Windows\System32\gdi32full.dll
0x00007ff8a2350000 - 0x00007ff8a23ed000 	C:\Windows\System32\msvcp_win.dll
0x00007ff889ab0000 - 0x00007ff889ac9000 	C:\eclipse\plugins\org.eclipse.justj.openjdk.hotspot.jre.full.win32.x86_64_17.0.6.v20230204-1729\jre\bin\VCRUNTIME140.dll
0x00007ff88a020000 - 0x00007ff88a2c5000 	C:\Windows\WinSxS\amd64_microsoft.windows.common-controls_6595b64144ccf1df_6.0.22000.120_none_9d947278b86cc467\COMCTL32.dll
0x00007ff8a4740000 - 0x00007ff8a47e3000 	C:\Windows\System32\msvcrt.dll
0x00007ff8a4be0000 - 0x00007ff8a4c11000 	C:\Windows\System32\IMM32.DLL
0x00007ff86e910000 - 0x00007ff86ea45000 	C:\Program Files\Cisco\AMP\exprev\Protector64.dll
0x00007ff8a3c00000 - 0x00007ff8a3cae000 	C:\Windows\System32\ADVAPI32.dll
0x00007ff8a3560000 - 0x00007ff8a35fe000 	C:\Windows\System32\sechost.dll
0x00007ff8a47f0000 - 0x00007ff8a4910000 	C:\Windows\System32\RPCRT4.dll
0x00007ff8a2d40000 - 0x00007ff8a34f8000 	C:\Windows\System32\SHELL32.dll
0x00007ff8a4530000 - 0x00007ff8a4606000 	C:\Windows\System32\OLEAUT32.dll
0x00007ff8a3700000 - 0x00007ff8a3a79000 	C:\Windows\System32\combase.dll
0x00007ff8a3500000 - 0x00007ff8a355d000 	C:\Windows\System32\SHLWAPI.dll
0x00007ff8982a0000 - 0x00007ff8982aa000 	C:\Windows\SYSTEM32\VERSION.dll
0x00007ff89f3b0000 - 0x00007ff89f3e4000 	C:\Windows\SYSTEM32\ntmarta.dll
0x00007ff8a1fa0000 - 0x00007ff8a20b0000 	C:\Program Files\Avecto\Privilege Guard Client\PGHook.dll
0x00007ff89d050000 - 0x00007ff89d05c000 	C:\eclipse\plugins\org.eclipse.justj.openjdk.hotspot.jre.full.win32.x86_64_17.0.6.v20230204-1729\jre\bin\vcruntime140_1.dll
0x00007ff864d50000 - 0x00007ff864de1000 	C:\eclipse\plugins\org.eclipse.justj.openjdk.hotspot.jre.full.win32.x86_64_17.0.6.v20230204-1729\jre\bin\msvcp140.dll
0x00007ff833590000 - 0x00007ff8341d7000 	C:\eclipse\plugins\org.eclipse.justj.openjdk.hotspot.jre.full.win32.x86_64_17.0.6.v20230204-1729\jre\bin\server\jvm.dll
0x00007ff882110000 - 0x00007ff882119000 	C:\Windows\SYSTEM32\WSOCK32.dll
0x00007ff8a2bd0000 - 0x00007ff8a2c3f000 	C:\Windows\System32\WS2_32.dll
0x00007ff8993b0000 - 0x00007ff8993e3000 	C:\Windows\SYSTEM32\WINMM.dll
0x00007ff8a1090000 - 0x00007ff8a10a8000 	C:\Windows\SYSTEM32\kernel.appcore.dll
0x00007ff88f010000 - 0x00007ff88f01a000 	C:\eclipse\plugins\org.eclipse.justj.openjdk.hotspot.jre.full.win32.x86_64_17.0.6.v20230204-1729\jre\bin\jimage.dll
0x00007ff89f910000 - 0x00007ff89fb31000 	C:\Windows\SYSTEM32\DBGHELP.DLL
0x00007ff8807b0000 - 0x00007ff8807e1000 	C:\Windows\SYSTEM32\dbgcore.DLL
0x00007ff8a23f0000 - 0x00007ff8a246f000 	C:\Windows\System32\bcryptPrimitives.dll
0x00007ff883100000 - 0x00007ff883125000 	C:\eclipse\plugins\org.eclipse.justj.openjdk.hotspot.jre.full.win32.x86_64_17.0.6.v20230204-1729\jre\bin\java.dll
0x00007ff883640000 - 0x00007ff883658000 	C:\eclipse\plugins\org.eclipse.justj.openjdk.hotspot.jre.full.win32.x86_64_17.0.6.v20230204-1729\jre\bin\zip.dll
0x00007ff8a0100000 - 0x00007ff8a0968000 	C:\Windows\SYSTEM32\windows.storage.dll
0x00007ff89ff90000 - 0x00007ff8a00f6000 	C:\Windows\SYSTEM32\wintypes.dll
0x000001cfc1a70000 - 0x000001cfc1b5a000 	C:\Windows\System32\SHCORE.dll
0x00007ff8a2130000 - 0x00007ff8a2151000 	C:\Windows\SYSTEM32\profapi.dll
0x00007ff8830e0000 - 0x00007ff8830f9000 	C:\eclipse\plugins\org.eclipse.justj.openjdk.hotspot.jre.full.win32.x86_64_17.0.6.v20230204-1729\jre\bin\net.dll
0x00007ff8a10b0000 - 0x00007ff8a11bc000 	C:\Windows\SYSTEM32\WINHTTP.dll
0x00007ff8a15c0000 - 0x00007ff8a1627000 	C:\Windows\system32\mswsock.dll
0x00007ff8830c0000 - 0x00007ff8830d5000 	C:\eclipse\plugins\org.eclipse.justj.openjdk.hotspot.jre.full.win32.x86_64_17.0.6.v20230204-1729\jre\bin\nio.dll
0x00007ff88c000000 - 0x00007ff88c009000 	C:\eclipse\plugins\org.eclipse.justj.openjdk.hotspot.jre.full.win32.x86_64_17.0.6.v20230204-1729\jre\bin\management.dll
0x00007ff88b450000 - 0x00007ff88b45b000 	C:\eclipse\plugins\org.eclipse.justj.openjdk.hotspot.jre.full.win32.x86_64_17.0.6.v20230204-1729\jre\bin\management_ext.dll
0x00007ff8a4730000 - 0x00007ff8a4738000 	C:\Windows\System32\PSAPI.DLL
0x00007ff8a0bb0000 - 0x00007ff8a0bdd000 	C:\Windows\SYSTEM32\IPHLPAPI.DLL
0x00007ff8a36f0000 - 0x00007ff8a36f9000 	C:\Windows\System32\NSI.dll
0x00007ff8988e0000 - 0x00007ff8988f9000 	C:\Windows\SYSTEM32\dhcpcsvc6.DLL
0x00007ff899660000 - 0x00007ff89967e000 	C:\Windows\SYSTEM32\dhcpcsvc.DLL
0x00007ff8a0be0000 - 0x00007ff8a0cc8000 	C:\Windows\SYSTEM32\DNSAPI.dll
0x00007ff892560000 - 0x00007ff89256a000 	C:\Windows\System32\rasadhlp.dll
0x00007ff897b00000 - 0x00007ff897b81000 	C:\Windows\System32\fwpuclnt.dll
0x00007ff88ef60000 - 0x00007ff88ef70000 	C:\eclipse\plugins\org.eclipse.justj.openjdk.hotspot.jre.full.win32.x86_64_17.0.6.v20230204-1729\jre\bin\verify.dll
0x00007ff8a18a0000 - 0x00007ff8a18b8000 	C:\Windows\SYSTEM32\CRYPTSP.dll
0x00007ff8a0ff0000 - 0x00007ff8a1025000 	C:\Windows\system32\rsaenh.dll
0x00007ff8a1660000 - 0x00007ff8a1689000 	C:\Windows\SYSTEM32\USERENV.dll
0x00007ff8a1a50000 - 0x00007ff8a1a77000 	C:\Windows\SYSTEM32\bcrypt.dll
0x00007ff8a1880000 - 0x00007ff8a188c000 	C:\Windows\SYSTEM32\CRYPTBASE.dll
0x00007ff887c80000 - 0x00007ff887c8e000 	C:\eclipse\plugins\org.eclipse.justj.openjdk.hotspot.jre.full.win32.x86_64_17.0.6.v20230204-1729\jre\bin\sunmscapi.dll
0x00007ff8a24e0000 - 0x00007ff8a2642000 	C:\Windows\System32\CRYPT32.dll
0x00007ff8a1a20000 - 0x00007ff8a1a48000 	C:\Windows\SYSTEM32\ncrypt.dll
0x00007ff8a19e0000 - 0x00007ff8a1a17000 	C:\Windows\SYSTEM32\NTASN1.dll
0x00007ff86e580000 - 0x00007ff86e588000 	C:\Windows\system32\wshunix.dll

dbghelp: loaded successfully - version: 4.0.5 - missing functions: none
symbol engine: initialized successfully - sym options: 0x614 - pdb path: .;C:\eclipse\plugins\org.eclipse.justj.openjdk.hotspot.jre.full.win32.x86_64_17.0.6.v20230204-1729\jre\bin;C:\Windows\SYSTEM32;C:\Windows\WinSxS\amd64_microsoft.windows.common-controls_6595b64144ccf1df_6.0.22000.120_none_9d947278b86cc467;C:\Program Files\Cisco\AMP\exprev;C:\Program Files\Avecto\Privilege Guard Client;C:\eclipse\plugins\org.eclipse.justj.openjdk.hotspot.jre.full.win32.x86_64_17.0.6.v20230204-1729\jre\bin\server

VM Arguments:
jvm_args: -Dfile.encoding=UTF-8 -XX:+ShowCodeDetailsInExceptionMessages 
java_command: com.project.rating.RatingServiceApplication
java_class_path (initial): C:\Users\2276486\OneDrive - Cognizant\Desktop\microservice_project\rating_service\target\classes;C:\Users\2276486\.m2\repository\org\springframework\boot\spring-boot-starter-data-jpa\3.0.6\spring-boot-starter-data-jpa-3.0.6.jar;C:\Users\2276486\.m2\repository\org\springframework\boot\spring-boot-starter-aop\3.0.6\spring-boot-starter-aop-3.0.6.jar;C:\Users\2276486\.m2\repository\org\springframework\spring-aop\6.0.8\spring-aop-6.0.8.jar;C:\Users\2276486\.m2\repository\org\aspectj\aspectjweaver\1.9.19\aspectjweaver-1.9.19.jar;C:\Users\2276486\.m2\repository\org\springframework\boot\spring-boot-starter-jdbc\3.0.6\spring-boot-starter-jdbc-3.0.6.jar;C:\Users\2276486\.m2\repository\com\zaxxer\HikariCP\5.0.1\HikariCP-5.0.1.jar;C:\Users\2276486\.m2\repository\org\springframework\spring-jdbc\6.0.8\spring-jdbc-6.0.8.jar;C:\Users\2276486\.m2\repository\org\hibernate\orm\hibernate-core\6.1.7.Final\hibernate-core-6.1.7.Final.jar;C:\Users\2276486\.m2\repository\jakarta\persistence\jakarta.persistence-api\3.1.0\jakarta.persistence-api-3.1.0.jar;C:\Users\2276486\.m2\repository\jakarta\transaction\jakarta.transaction-api\2.0.1\jakarta.transaction-api-2.0.1.jar;C:\Users\2276486\.m2\repository\org\jboss\logging\jboss-logging\3.5.0.Final\jboss-logging-3.5.0.Final.jar;C:\Users\2276486\.m2\repository\org\hibernate\common\hibernate-commons-annotations\6.0.6.Final\hibernate-commons-annotations-6.0.6.Final.jar;C:\Users\2276486\.m2\repository\org\jboss\jandex\2.4.2.Final\jandex-2.4.2.Final.jar;C:\Users\2276486\.m2\repository\com\fasterxml\classmate\1.5.1\classmate-1.5.1.jar;C:\Users\2276486\.m2\repository\net\bytebuddy\byte-buddy\1.12.23\byte-buddy-1.12.23.jar;C:\Users\2276486\.m2\repository\org\glassfish\jaxb\jaxb-runtime\4.0.2\jaxb-runtime-4.0.2.jar;C:\Users\2276486\.m2\repository\org\glassfish\jaxb\jaxb-core\4.0.2\jaxb-core-4.0.2.jar;C:\Users\2276486\.m2\repository\org\eclipse\angus\angus-activation\2.0.0\angus-activation-2.0.0.jar;C:\Users\2276486\.m2\reposito
Launcher Type: SUN_STANDARD

[Global flags]
     intx CICompilerCount                          = 4                                         {product} {ergonomic}
     uint ConcGCThreads                            = 2                                         {product} {ergonomic}
     uint G1ConcRefinementThreads                  = 8                                         {product} {ergonomic}
   size_t G1HeapRegionSize                         = 1048576                                   {product} {ergonomic}
    uintx GCDrainStackTargetSize                   = 64                                        {product} {ergonomic}
   size_t InitialHeapSize                          = 100663296                                 {product} {ergonomic}
   size_t MarkStackSize                            = 4194304                                   {product} {ergonomic}
   size_t MaxHeapSize                              = 1593835520                                {product} {ergonomic}
   size_t MaxNewSize                               = 956301312                                 {product} {ergonomic}
   size_t MinHeapDeltaBytes                        = 1048576                                   {product} {ergonomic}
   size_t MinHeapSize                              = 8388608                                   {product} {ergonomic}
    uintx NonNMethodCodeHeapSize                   = 5839372                                {pd product} {ergonomic}
    uintx NonProfiledCodeHeapSize                  = 122909434                              {pd product} {ergonomic}
    uintx ProfiledCodeHeapSize                     = 122909434                              {pd product} {ergonomic}
    uintx ReservedCodeCacheSize                    = 251658240                              {pd product} {ergonomic}
     bool SegmentedCodeCache                       = true                                      {product} {ergonomic}
     bool ShowCodeDetailsInExceptionMessages       = true                                   {manageable} {command line}
   size_t SoftMaxHeapSize                          = 1593835520                             {manageable} {ergonomic}
     bool UseCompressedClassPointers               = true                           {product lp64_product} {ergonomic}
     bool UseCompressedOops                        = true                           {product lp64_product} {ergonomic}
     bool UseG1GC                                  = true                                      {product} {ergonomic}
     bool UseLargePagesIndividualAllocation        = false                                  {pd product} {ergonomic}

Logging:
Log output configuration:
 #0: stdout all=warning uptime,level,tags
 #1: stderr all=off uptime,level,tags

Environment Variables:
PATH=C:/eclipse//plugins/org.eclipse.justj.openjdk.hotspot.jre.full.win32.x86_64_17.0.6.v20230204-1729/jre/bin/server;C:/eclipse//plugins/org.eclipse.justj.openjdk.hotspot.jre.full.win32.x86_64_17.0.6.v20230204-1729/jre/bin;C:\Program Files\Java\jdk-17\;C:\Program Files\Common Files\Oracle\Java\javapath;C:\Windows\system32;C:\Windows;C:\Windows\System32\Wbem;C:\Windows\System32\WindowsPowerShell\v1.0\;C:\Windows\System32\OpenSSH\;C:\Program Files\RedHat\java-11-openjdk-11.0.13-1\bin;C:\Program Files\nodejs\;C:\Program Files\Git\cmd;C:\Users\2276486\AppData\Local\Microsoft\WindowsApps;;C:\Users\2276486\AppData\Local\Programs\Microsoft VS Code\bin;C:\eclipse;
USERNAME=2276486
OS=Windows_NT
PROCESSOR_IDENTIFIER=AMD64 Family 23 Model 24 Stepping 1, AuthenticAMD
TMP=C:\Users\2276486\AppData\Local\Temp\2
TEMP=C:\Users\2276486\AppData\Local\Temp\2



---------------  S Y S T E M  ---------------

OS:
 Windows 11 , 64 bit Build 22000 (10.0.22000.708)
OS uptime: 8 days 13:41 hours
Hyper-V role detected

CPU: total 8 (initial active 8) (8 cores per cpu, 2 threads per core) family 23 model 24 stepping 1 microcode 0x0, cx8, cmov, fxsr, ht, mmx, 3dnowpref, sse, sse2, sse3, ssse3, sse4a, sse4.1, sse4.2, popcnt, lzcnt, tsc, tscinvbit, avx, avx2, aes, clmul, bmi1, bmi2, adx, sha, fma, vzeroupper, clflush, clflushopt, hv

Memory: 4k page, system-wide physical 6077M (239M free)
TotalPageFile size 22461M (AvailPageFile size 5M)
current process WorkingSet (physical memory assigned to process): 84M, peak: 296M
current process commit charge ("private bytes"): 348M, peak: 356M

vm_info: OpenJDK 64-Bit Server VM (17.0.6+10) for windows-amd64 JRE (17.0.6+10), built on Jan 18 2023 10:08:59 by "temurin" with MS VC++ 16.7 (VS2019)

END.
